# JRE version: OpenJDK Runtime Environment Corretto-17.0.5.8.1 (17.0.5+8) (build 17.0.5+8-LTS)
# Java VM: OpenJDK 64-Bit Server VM Corretto-17.0.5.8.1 (17.0.5+8-LTS, mixed mode, emulated-client, sharing, tiered, compressed oops, compressed class ptrs, g1 gc, bsd-aarch64)
GC Precious Log:
 CPUs: 8 total, 8 available
 Memory: 24576M
 Large Page Support: Disabled
 NUMA Support: Disabled
 Compressed Oops: Enabled (Zero based)
 Heap Region Size: 4M
 Heap Min Capacity: 8M
 Heap Initial Capacity: 384M
 Heap Max Capacity: 6G
 Pre-touch: Disabled
 Parallel Workers: 8
 Concurrent Workers: 2
 Concurrent Refinement Workers: 8
 Periodic GC: Disabled
Heap:
 garbage-first heap   total 98304K, used 41469K [0x0000000680000000, 0x0000000800000000)
  region size 4096K, 5 young (20480K), 1 survivors (4096K)
 Metaspace       used 54982K, committed 55488K, reserved 1097728K
  class space    used 6961K, committed 7232K, reserved 1048576K
GC Heap History (20 events):
Event: 8642.475 GC heap before
{Heap before GC invocations=86 (full 3):
 garbage-first heap   total 98304K, used 71734K [0x0000000680000000, 0x0000000800000000)
  region size 4096K, 12 young (49152K), 1 survivors (4096K)
 Metaspace       used 54731K, committed 55232K, reserved 1097728K
  class space    used 6932K, committed 7168K, reserved 1048576K
}
Event: 8642.478 GC heap after
{Heap after GC invocations=87 (full 3):
 garbage-first heap   total 98304K, used 26572K [0x0000000680000000, 0x0000000800000000)
  region size 4096K, 1 young (4096K), 1 survivors (4096K)
 Metaspace       used 54731K, committed 55232K, reserved 1097728K
  class space    used 6932K, committed 7168K, reserved 1048576K
}
Event: 8663.655 GC heap before
{Heap before GC invocations=87 (full 3):
 garbage-first heap   total 98304K, used 30668K [0x0000000680000000, 0x0000000800000000)
  region size 4096K, 3 young (12288K), 1 survivors (4096K)
 Metaspace       used 54755K, committed 55232K, reserved 1097728K
  class space    used 6933K, committed 7168K, reserved 1048576K
}
Event: 8663.680 GC heap after
{Heap after GC invocations=88 (full 4):
 garbage-first heap   total 98304K, used 21121K [0x0000000680000000, 0x0000000800000000)
  region size 4096K, 0 young (0K), 0 survivors (0K)
 Metaspace       used 54362K, committed 55232K, reserved 1097728K
  class space    used 6878K, committed 7168K, reserved 1048576K
}
Event: 8663.977 GC heap before
{Heap before GC invocations=88 (full 4):
 garbage-first heap   total 98304K, used 70273K [0x0000000680000000, 0x0000000800000000)
  region size 4096K, 13 young (53248K), 0 survivors (0K)
 Metaspace       used 54539K, committed 55232K, reserved 1097728K
  class space    used 6909K, committed 7168K, reserved 1048576K
}
Event: 8663.978 GC heap after
{Heap after GC invocations=89 (full 4):
 garbage-first heap   total 98304K, used 24716K [0x0000000680000000, 0x0000000800000000)
  region size 4096K, 1 young (4096K), 1 survivors (4096K)
 Metaspace       used 54539K, committed 55232K, reserved 1097728K
  class space    used 6909K, committed 7168K, reserved 1048576K
}
Event: 8667.691 GC heap before
{Heap before GC invocations=89 (full 4):
 garbage-first heap   total 98304K, used 69772K [0x0000000680000000, 0x0000000800000000)
  region size 4096K, 12 young (49152K), 1 survivors (4096K)
 Metaspace       used 54805K, committed 55232K, reserved 1097728K
  class space    used 6943K, committed 7168K, reserved 1048576K
}
Event: 8667.693 GC heap after
{Heap after GC invocations=90 (full 4):
 garbage-first heap   total 98304K, used 27090K [0x0000000680000000, 0x0000000800000000)
  region size 4096K, 2 young (8192K), 2 survivors (8192K)
 Metaspace       used 54805K, committed 55232K, reserved 1097728K
  class space    used 6943K, committed 7168K, reserved 1048576K
}
Event: 8667.852 GC heap before
{Heap before GC invocations=90 (full 4):
 garbage-first heap   total 98304K, used 68050K [0x0000000680000000, 0x0000000800000000)
  region size 4096K, 12 young (49152K), 2 survivors (8192K)
 Metaspace       used 54814K, committed 55232K, reserved 1097728K
  class space    used 6944K, committed 7168K, reserved 1048576K
}
Event: 8667.855 GC heap after
{Heap after GC invocations=91 (full 4):
 garbage-first heap   total 98304K, used 29008K [0x0000000680000000, 0x0000000800000000)
  region size 4096K, 2 young (8192K), 2 survivors (8192K)
 Metaspace       used 54814K, committed 55232K, reserved 1097728K
  class space    used 6944K, committed 7168K, reserved 1048576K
}
Event: 8679.942 GC heap before
{Heap before GC invocations=91 (full 4):
 garbage-first heap   total 98304K, used 65872K [0x0000000680000000, 0x0000000800000000)
  region size 4096K, 11 young (45056K), 2 survivors (8192K)
 Metaspace       used 54895K, committed 55424K, reserved 1097728K
  class space    used 6952K, committed 7232K, reserved 1048576K
}
Event: 8679.949 GC heap after
{Heap after GC invocations=92 (full 4):
 garbage-first heap   total 98304K, used 28301K [0x0000000680000000, 0x0000000800000000)
  region size 4096K, 1 young (4096K), 1 survivors (4096K)
 Metaspace       used 54895K, committed 55424K, reserved 1097728K
  class space    used 6952K, committed 7232K, reserved 1048576K
}
Event: 8694.811 GC heap before
{Heap before GC invocations=92 (full 4):
 garbage-first heap   total 98304K, used 65165K [0x0000000680000000, 0x0000000800000000)
  region size 4096K, 10 young (40960K), 1 survivors (4096K)
 Metaspace       used 54895K, committed 55424K, reserved 1097728K
  class space    used 6952K, committed 7232K, reserved 1048576K
}
Event: 8694.812 GC heap after
{Heap after GC invocations=93 (full 4):
 garbage-first heap   total 98304K, used 28714K [0x0000000680000000, 0x0000000800000000)
  region size 4096K, 1 young (4096K), 1 survivors (4096K)
 Metaspace       used 54895K, committed 55424K, reserved 1097728K
  class space    used 6952K, committed 7232K, reserved 1048576K
}
Event: 8754.412 GC heap before
{Heap before GC invocations=93 (full 4):
 garbage-first heap   total 98304K, used 69674K [0x0000000680000000, 0x0000000800000000)
  region size 4096K, 11 young (45056K), 1 survivors (4096K)
 Metaspace       used 54921K, committed 55424K, reserved 1097728K
  class space    used 6955K, committed 7232K, reserved 1048576K
}
Event: 8754.414 GC heap after
{Heap after GC invocations=94 (full 4):
 garbage-first heap   total 98304K, used 29327K [0x0000000680000000, 0x0000000800000000)
  region size 4096K, 1 young (4096K), 1 survivors (4096K)
 Metaspace       used 54921K, committed 55424K, reserved 1097728K
  class space    used 6955K, committed 7232K, reserved 1048576K
}
Event: 8803.472 GC heap before
{Heap before GC invocations=94 (full 4):
 garbage-first heap   total 98304K, used 66191K [0x0000000680000000, 0x0000000800000000)
  region size 4096K, 11 young (45056K), 1 survivors (4096K)
 Metaspace       used 54955K, committed 55488K, reserved 1097728K
  class space    used 6958K, committed 7232K, reserved 1048576K
}
Event: 8803.473 GC heap after
{Heap after GC invocations=95 (full 4):
 garbage-first heap   total 98304K, used 28869K [0x0000000680000000, 0x0000000800000000)
  region size 4096K, 1 young (4096K), 1 survivors (4096K)
 Metaspace       used 54955K, committed 55488K, reserved 1097728K
  class space    used 6958K, committed 7232K, reserved 1048576K
}
Event: 8810.474 GC heap before
{Heap before GC invocations=95 (full 4):
 garbage-first heap   total 98304K, used 69829K [0x0000000680000000, 0x0000000800000000)
  region size 4096K, 11 young (45056K), 1 survivors (4096K)
 Metaspace       used 54955K, committed 55488K, reserved 1097728K
  class space    used 6958K, committed 7232K, reserved 1048576K
}
Event: 8810.476 GC heap after
{Heap after GC invocations=96 (full 4):
 garbage-first heap   total 98304K, used 29181K [0x0000000680000000, 0x0000000800000000)
  region size 4096K, 1 young (4096K), 1 survivors (4096K)
 Metaspace       used 54955K, committed 55488K, reserved 1097728K
  class space    used 6958K, committed 7232K, reserved 1048576K
}

